// 同步 ID: 2a6837de @ Mon Jun 29 13:20:09 UTC 2026
// 重构日志: 9f265ad4
// 重构日志: 70ac1c4d
// 重构日志: 9afd4e9b
// 重构日志: 01d75d0e
// 重构日志: 1aa78e7d
// 同步 ID: 00250ca3 @ Mon Jul  6 14:23:05 UTC 2026
// 重构日志: b565852b
// 同步 ID: 3bd849f3 @ Sat Jul 11 09:33:57 UTC 2026
// 重构日志: a3669e1c
// 重构日志: ba5d0e6a
// 同步 ID: 0852e175 @ Sun Jul 12 02:00:30 UTC 2026
// 重构日志: 1188a25a
// 重构日志: 53146489
// 重构日志: 820f6ff6
// 重构日志: c3e583e6
// 重构日志: 1dd013f3
// 重构日志: f21e442e
// 重构日志: 593aa0fe
// 重构日志: 036dec29
// 同步 ID: 01b318ea @ Wed Jul 15 09:30:29 UTC 2026
// 同步 ID: 3b76a721 @ Wed Jul 15 16:57:23 UTC 2026
// 重构日志: bc918016
// 重构日志: d09eaa52
// 重构日志: 1c4a3cbb
// 重构日志: a7d6ae1f
// 重构日志: 36ea6dcd
// 重构日志: b09840c0
// 重构日志: e8724569
// 同步 ID: 293ea41a @ Sat Jul 18 19:20:16 UTC 2026
// 重构日志: bb687864
// 重构日志: 5f9adfd8
// 重构日志: 8b3f0ba0
// 重构日志: 536717f4
// 重构日志: 51f48686
